<?xml version="1.0" encoding="UTF-8"?>
<!-- Generated by org.testng.reporters.JUnitXMLReporter -->
<testsuite hostname="DESKTOP-RJ7JUU8" name="Test2" tests="1" failures="0" timestamp="26 Feb 2021 18:04:26 GMT" time="0.069" errors="0">
  <testcase name="@BeforeMethod browserOpen" time="0.0" classname="com.KodeItTestCases.NavigatePageTest">
    <failure type="java.lang.NullPointerException">
      <![CDATA[java.lang.NullPointerException
	at com.KodeItTestCases.NavigatePageTest.browserOpen(NavigatePageTest.java:42)
	at java.util.concurrent.FutureTask.run(FutureTask.java:266)
	at java.util.concurrent.ThreadPoolExecutor.runWorker(ThreadPoolExecutor.java:1149)
	at java.util.concurrent.ThreadPoolExecutor$Worker.run(ThreadPoolExecutor.java:624)
	at java.lang.Thread.run(Thread.java:748)
... Removed 18 stack frames]]>
    </failure>
  </testcase> <!-- @BeforeMethod browserOpen -->
  <testcase name="@AfterMethod tearDown" time="0.0" classname="com.KodeItTestCases.NavigatePageTest">
    <failure type="java.lang.NullPointerException">
      <![CDATA[java.lang.NullPointerException
	at com.KodeItTestCases.NavigatePageTest.tearDown(NavigatePageTest.java:50)
	at java.util.concurrent.FutureTask.run(FutureTask.java:266)
	at java.util.concurrent.ThreadPoolExecutor.runWorker(ThreadPoolExecutor.java:1149)
	at java.util.concurrent.ThreadPoolExecutor$Worker.run(ThreadPoolExecutor.java:624)
	at java.lang.Thread.run(Thread.java:748)
... Removed 18 stack frames]]>
    </failure>
  </testcase> <!-- @AfterMethod tearDown -->
  <testcase name="verifyTextPrac" time="0.005" classname="com.KodeItTestCases.NavigatePageTest">
    <skipped/>
  </testcase> <!-- verifyTextPrac -->
</testsuite> <!-- Test2 -->
